<?xml version="1.0" encoding="UTF-8"?>
<testng-results ignored="0" total="1" passed="1" failed="0" skipped="0">
  <reporter-output>
  </reporter-output>
  <suite started-at="2023-07-10T02:04:12 PDT" name="Default suite" finished-at="2023-07-10T02:04:17 PDT" duration-ms="5049">
    <groups>
    </groups>
    <test started-at="2023-07-10T02:04:12 PDT" name="Default test" finished-at="2023-07-10T02:04:17 PDT" duration-ms="5049">
      <class name="uploadanddownloadfile.UploadFile">
        <test-method signature="upload()[pri:0, instance:uploadanddownloadfile.UploadFile@2ed2d9cb]" started-at="2023-07-10T02:04:12 PDT" name="upload" finished-at="2023-07-10T02:04:17 PDT" duration-ms="4973" status="PASS">
          <reporter-output>
          </reporter-output>
        </test-method> <!-- upload -->
      </class> <!-- uploadanddownloadfile.UploadFile -->
    </test> <!-- Default test -->
  </suite> <!-- Default suite -->
</testng-results>
